<?xml version="1.0" encoding="UTF-8"?>
<!-- Generated by org.testng.reporters.JUnitReportReporter -->
<testsuite skipped="0" hostname="SWAPAN" name="com.bestbuy.project.BestBuyAutomation.BestBuyHomePage" tests="1" failures="0" timestamp="10 Nov 2017 22:06:25 GMT" time="9.200" errors="0">
  <testcase name="home" time="9.200" classname="com.bestbuy.project.BestBuyAutomation.BestBuyHomePage"/>
</testsuite> <!-- com.bestbuy.project.BestBuyAutomation.BestBuyHomePage -->
