<?xml version="1.0" encoding="UTF-8"?>
<!-- Generated by org.testng.reporters.JUnitReportReporter -->
<testsuite skipped="0" hostname="SWAPAN" name="com.bestbuy.project.BestBuyAutomation.RemoveAddressTest" tests="1" failures="0" timestamp="11 Nov 2017 15:41:57 GMT" time="43.785" errors="0">
  <testcase name="testRemoveAddress" time="43.785" classname="com.bestbuy.project.BestBuyAutomation.RemoveAddressTest"/>
</testsuite> <!-- com.bestbuy.project.BestBuyAutomation.RemoveAddressTest -->
