<?xml version="1.0" encoding="UTF-8"?>
<!-- Generated by org.testng.reporters.JUnitReportReporter -->
<testsuite skipped="0" hostname="KingOfGotham" name="com.bestbuy.project.BestBuyAutomation.OrderThenCheckOutTest" tests="2" failures="0" timestamp="04 Dec 2017 19:21:35 GMT" time="127.276" errors="0">
  <testcase name="testOrderThenCheckOut" time="68.438" classname="com.bestbuy.project.BestBuyAutomation.OrderThenCheckOutTest"/>
  <testcase name="testOrderThenCheckOut" time="58.838" classname="com.bestbuy.project.BestBuyAutomation.OrderThenCheckOutTest"/>
</testsuite> <!-- com.bestbuy.project.BestBuyAutomation.OrderThenCheckOutTest -->
