<?xml version="1.0" encoding="UTF-8"?>
<!-- Generated by org.testng.reporters.JUnitReportReporter -->
<testsuite skipped="0" hostname="KingOfGotham" name="com.bestbuy.project.BestBuyAutomation.TestArea" tests="3" failures="0" timestamp="29 Nov 2017 23:39:35 GMT" time="0.020" errors="0">
  <testcase name="testCase1" time="0.007" classname="com.bestbuy.project.BestBuyAutomation.TestArea"/>
  <testcase name="testCase2" time="0.004" classname="com.bestbuy.project.BestBuyAutomation.TestArea"/>
  <testcase name="testCase1" time="0.009" classname="com.bestbuy.project.BestBuyAutomation.TestArea"/>
</testsuite> <!-- com.bestbuy.project.BestBuyAutomation.TestArea -->
