<?xml version="1.0" encoding="UTF-8"?>
<!-- Generated by org.testng.reporters.JUnitReportReporter -->
<testsuite skipped="2" hostname="SWAPAN" name="com.bestbuy.project.BestBuyAutomation.LogInToAccount" tests="3" failures="0" timestamp="10 Nov 2017 22:01:51 GMT" time="28.201" errors="0">
  <testcase name="aalogin" time="28.201" classname="com.bestbuy.project.BestBuyAutomation.LogInToAccount"/>
  <testcase name="removeShippingAddress" classname="com.bestbuy.project.BestBuyAutomation.LogInToAccount">
    <skipped/>
  </testcase> <!-- removeShippingAddress -->
  <testcase name="addShippingAddress" classname="com.bestbuy.project.BestBuyAutomation.LogInToAccount">
    <skipped/>
  </testcase> <!-- addShippingAddress -->
</testsuite> <!-- com.bestbuy.project.BestBuyAutomation.LogInToAccount -->
