<?xml version="1.0" encoding="UTF-8"?>
<!-- Generated by org.testng.reporters.JUnitReportReporter -->
<testsuite skipped="0" hostname="KingOfGotham" name="com.bestbuy.project.BestBuyAutomation.LogInTest" tests="1" failures="0" timestamp="21 Nov 2017 00:42:31 GMT" time="12.840" errors="0">
  <testcase name="testLogin" time="12.840" classname="com.bestbuy.project.BestBuyAutomation.LogInTest"/>
</testsuite> <!-- com.bestbuy.project.BestBuyAutomation.LogInTest -->
