<?xml version="1.0" encoding="UTF-8"?>
<!-- Generated by org.testng.reporters.JUnitReportReporter -->
<testsuite skipped="0" hostname="KingOfGotham" name="com.bestbuy.project.BestBuyAutomation.AddShippingTest" tests="1" failures="0" timestamp="22 Nov 2017 21:46:35 GMT" time="16.993" errors="0">
  <testcase name="testAddAddress" time="16.993" classname="com.bestbuy.project.BestBuyAutomation.AddShippingTest"/>
</testsuite> <!-- com.bestbuy.project.BestBuyAutomation.AddShippingTest -->
