<?xml version="1.0" encoding="UTF-8"?>
<!-- Generated by org.testng.reporters.JUnitReportReporter -->
<testsuite skipped="0" hostname="KingOfGotham" name="com.bestbuy.project.BestBuyAutomation.AddThenRemoveShippingTest" tests="1" failures="0" timestamp="22 Nov 2017 21:49:01 GMT" time="36.721" errors="0">
  <testcase name="testAddRemoveAddress" time="36.721" classname="com.bestbuy.project.BestBuyAutomation.AddThenRemoveShippingTest"/>
</testsuite> <!-- com.bestbuy.project.BestBuyAutomation.AddThenRemoveShippingTest -->
